<?xml version="1.0" encoding="UTF-8"?>
<testsuite xmlns:xsi="http://www.w3.org/2001/XMLSchema-instance" xsi:noNamespaceSchemaLocation="https://maven.apache.org/surefire/maven-surefire-plugin/xsd/surefire-test-report-3.0.xsd" version="3.0" name="com.microservicios.usuarios.UsuariosApplicationTests" time="0.007" tests="1" errors="0" skipped="1" failures="0">
  <properties/>
  <testcase name="contextLoads" classname="com.microservicios.usuarios.UsuariosApplicationTests" time="0.0">
    <skipped message="Database schema validation issue - pre-existing limitation, not related to Java 21 upgrade"/>
  </testcase>
</testsuite>